[2025-08-14 08:22:56] Starting TrinCore master run
[2025-08-14 08:22:56] Running Binary CPU simulation...
[2025-08-14 08:22:56] Running Ternary CPU simulation...
[2025-08-14 08:26:40] Starting TrinCore master run
[2025-08-14 08:26:40] Running Binary CPU simulation...
[2025-08-14 08:26:40] Running Ternary CPU simulation...
[2025-08-14 08:28:52] Starting TrinCore master run
[2025-08-14 08:28:52] Running Binary CPU simulation...
[2025-08-14 08:28:52] Running Ternary CPU simulation...
[2025-08-14 08:29:49] Starting TrinCore master run
[2025-08-14 08:29:49] Running Binary CPU simulation...
[2025-08-14 08:29:49] Running Ternary CPU simulation...
[2025-08-14 08:33:58] Starting TrinCore master run
[2025-08-14 08:33:58] Running Binary CPU simulation...
[2025-08-14 08:33:58] Running Ternary CPU simulation...
[2025-08-14 08:34:21] Starting TrinCore master run
[2025-08-14 08:34:21] Running Binary CPU simulation...
[2025-08-14 08:34:21] Running Ternary CPU simulation...
[2025-08-14 08:35:52] Starting TrinCore master run
[2025-08-14 08:35:52] Running Binary CPU simulation...
[2025-08-14 08:35:52] Running Ternary CPU simulation...
[2025-08-14 08:46:46] Starting TrinCore master run
[2025-08-14 08:46:46] Running Binary CPU simulation...
[2025-08-14 08:46:46] Running Ternary CPU simulation...
[2025-08-14 08:59:08] Starting TrinCore master run
[2025-08-14 08:59:08] Running Binary CPU simulation...
[2025-08-14 08:59:08] Running Ternary CPU simulation...
[2025-08-14 09:00:06] Starting TrinCore master run
[2025-08-14 09:00:06] Running Binary CPU simulation...
[2025-08-14 09:00:06] Running Ternary CPU simulation...
[2025-08-14 09:04:15] Starting TrinCore master run
[2025-08-14 09:04:15] Running Binary CPU simulation...
[2025-08-14 09:04:15] Running Ternary CPU simulation...
[2025-08-14 09:12:14] Starting TrinCore master run
[2025-08-14 09:12:14] Running Binary CPU simulation...
[2025-08-14 09:12:14] Running Ternary CPU simulation...
[2025-08-14 09:17:35] Starting TrinCore master run
[2025-08-14 09:17:35] Running Binary CPU simulation...
[2025-08-14 09:17:35] Running Ternary CPU simulation...
[2025-08-14 09:17:39] Saved comparison plot -> results/comprehensive_comparison.png
[2025-08-14 09:18:03] Wrote report -> results/comparison.md
[2025-08-14 09:18:03] Master run complete.
[2025-08-14 09:18:03] If windows opened they can be closed to finish program.
[2025-08-14 09:20:33] Starting TrinCore master run
[2025-08-14 09:20:33] Running Binary CPU simulation...
[2025-08-14 09:20:33] Running Ternary CPU simulation...
[2025-08-14 09:20:37] Saved comparison plot -> results/comprehensive_comparison.png
[2025-08-14 09:20:46] Wrote report -> results/comparison.md
[2025-08-14 09:20:46] Master run complete.
[2025-08-14 09:20:46] If windows opened they can be closed to finish program.
[2025-08-14 09:25:22] Starting TrinCore master run
[2025-08-14 09:25:22] Running Binary CPU simulation...
[2025-08-14 09:25:22] Running Ternary CPU simulation...
[2025-08-14 09:25:26] Saved comparison plot -> results/comprehensive_comparison.png
[2025-08-14 09:25:33] Wrote report -> results/comparison.md
[2025-08-14 09:25:33] Master run complete.
[2025-08-14 09:25:33] If windows opened they can be closed to finish program.
[2025-08-14 09:25:57] Starting TrinCore master run
[2025-08-14 09:25:57] Running Binary CPU simulation...
[2025-08-14 09:25:57] Running Ternary CPU simulation...
[2025-08-14 09:26:01] Saved comparison plot -> results/comprehensive_comparison.png
[2025-08-14 09:26:03] Wrote report -> results/comparison.md
[2025-08-14 09:26:03] Master run complete.
[2025-08-14 09:26:03] If windows opened they can be closed to finish program.
[2025-08-14 09:29:59] Starting TrinCore master run
[2025-08-14 09:29:59] Running Binary CPU simulation...
[2025-08-14 09:29:59] Running Ternary CPU simulation...
[2025-08-14 09:30:04] Saved comparison plot -> results/comprehensive_comparison.png
[2025-08-14 09:30:08] Wrote report -> results/comparison.md
[2025-08-14 09:30:08] Master run complete.
[2025-08-14 09:30:08] If windows opened they can be closed to finish program.
[2025-08-14 09:40:34] Starting TrinCore master run
[2025-08-14 09:40:34] Running Binary CPU simulation...
[2025-08-14 09:40:34] Running Ternary CPU simulation...
[2025-08-14 09:40:37] Saved comparison plot -> results/comprehensive_comparison.png
[2025-08-14 09:40:40] Wrote report -> results/comparison.md
[2025-08-14 09:40:40] Master run complete.
[2025-08-14 09:40:40] If windows opened they can be closed to finish program.
[2025-08-14 09:41:27] Starting TrinCore master run
[2025-08-14 09:41:27] Running Binary CPU simulation...
[2025-08-14 09:41:27] Running Ternary CPU simulation...
[2025-08-14 09:41:30] Saved comparison plot -> results/comprehensive_comparison.png
[2025-08-14 09:41:32] Wrote report -> results/comparison.md
[2025-08-14 09:41:32] Master run complete.
[2025-08-14 09:41:32] If windows opened they can be closed to finish program.
[2025-08-14 09:46:31] Starting TrinCore master run
[2025-08-14 09:46:31] Running Binary CPU simulation...
[2025-08-14 09:46:31] Running Ternary CPU simulation...
[2025-08-14 09:46:34] Saved comparison plot -> results/comprehensive_comparison.png
[2025-08-14 09:46:51] Wrote report -> results/comparison.md
[2025-08-14 09:46:51] Master run complete.
[2025-08-14 09:46:51] If windows opened they can be closed to finish program.
[2025-08-14 09:48:05] Starting TrinCore master run
[2025-08-14 09:48:05] Running Binary CPU simulation...
[2025-08-14 09:48:05] Running Ternary CPU simulation...
[2025-08-14 09:48:09] Saved comparison plot -> results/comprehensive_comparison.png
[2025-08-14 09:48:13] Wrote report -> results/comparison.md
[2025-08-14 09:48:13] Master run complete.
[2025-08-14 09:48:13] If windows opened they can be closed to finish program.
[2025-08-14 09:48:23] Starting TrinCore master run
[2025-08-14 09:48:23] Running Binary CPU simulation...
[2025-08-14 09:48:23] Running Ternary CPU simulation...
[2025-08-14 09:48:26] Saved comparison plot -> results/comprehensive_comparison.png
[2025-08-14 09:48:28] Wrote report -> results/comparison.md
[2025-08-14 09:48:28] Master run complete.
[2025-08-14 09:48:28] If windows opened they can be closed to finish program.
[2025-08-14 09:48:43] Starting TrinCore master run
[2025-08-14 09:48:43] Running Binary CPU simulation...
[2025-08-14 09:48:43] Running Ternary CPU simulation...
[2025-08-14 09:48:46] Saved comparison plot -> results/comprehensive_comparison.png
[2025-08-14 09:48:55] Wrote report -> results/comparison.md
[2025-08-14 09:48:55] Master run complete.
[2025-08-14 09:48:55] If windows opened they can be closed to finish program.
[2025-08-14 09:56:30] Starting TrinCore master run
[2025-08-14 09:56:30] Phase 1: Running CPU simulations
[2025-08-14 09:56:30] Running Binary CPU simulation...
[2025-08-14 09:56:30] Binary CPU completed: 36 cycles in 0.000054s
[2025-08-14 09:56:30] Running Ternary CPU simulation...
[2025-08-14 10:09:05] Starting TrinCore master run
[2025-08-14 10:09:05] Phase 1: Running CPU simulations
[2025-08-14 10:09:05] Running Binary CPU simulation...
[2025-08-14 10:09:05] Binary CPU completed: 36 cycles in 0.000022s
[2025-08-14 10:09:05] Running Ternary CPU simulation...
[2025-08-14 10:09:05] Ternary CPU completed: 27 cycles in 0.000713s
[2025-08-14 10:09:05] Phase 2: Generating comparison plots
[2025-08-14 10:09:09] Saved comparison plot -> results/comprehensive_comparison.png
[2025-08-14 10:09:10] Phase 3: Creating markdown report
[2025-08-14 10:09:10] Wrote report -> results/comparison.md
[2025-08-14 10:09:10] Phase 4: Displaying results
[2025-08-14 10:09:10] Master run completed successfully.
[2025-08-14 10:09:10] Graphical windows may remain open - close them to complete.
[2025-08-14 10:22:21] Starting TrinCore master run
[2025-08-14 10:22:21] Phase 1: Running CPU simulations
[2025-08-14 10:22:21] Running Binary CPU simulation...
[2025-08-14 10:22:21] Binary CPU completed: 36 cycles in 0.000039s
[2025-08-14 10:22:21] Running Ternary CPU simulation...
[2025-08-14 10:22:21] Ternary CPU completed: 10000 cycles in 0.247105s
[2025-08-14 10:22:21] Phase 2: Generating comparison plots
[2025-08-14 10:22:26] Saved comparison plot -> results/comprehensive_comparison.png
[2025-08-14 10:22:27] Phase 3: Creating markdown report
[2025-08-14 10:22:27] Wrote report -> results/comparison.md
[2025-08-14 10:22:27] Phase 4: Displaying results
[2025-08-14 10:22:27] Master run completed successfully.
[2025-08-14 10:22:27] Graphical windows may remain open - close them to complete.
[2025-08-14 10:23:50] Starting TrinCore master run
[2025-08-14 10:23:50] Phase 1: Running CPU simulations
[2025-08-14 10:23:50] Running Binary CPU simulation...
[2025-08-14 10:23:50] Binary CPU completed: 36 cycles in 0.000022s
[2025-08-14 10:23:50] Running Ternary CPU simulation...
[2025-08-14 10:23:50] Ternary CPU completed: 10000 cycles in 0.215689s
[2025-08-14 10:23:50] Phase 2: Generating comparison plots
[2025-08-14 10:23:52] Saved comparison plot -> results/comprehensive_comparison.png
[2025-08-14 10:23:53] Phase 3: Creating markdown report
[2025-08-14 10:23:53] Wrote report -> results/comparison.md
[2025-08-14 10:23:53] Phase 4: Displaying results
[2025-08-14 10:23:53] Master run completed successfully.
[2025-08-14 10:23:53] Graphical windows may remain open - close them to complete.
[2025-08-14 10:39:26] Starting TrinCore master run
[2025-08-14 10:39:26] Phase 1: Running CPU simulations
[2025-08-14 10:39:26] Running Binary CPU simulation...
[2025-08-14 10:39:26] Binary CPU completed: 36 cycles in 0.000022s
[2025-08-14 10:39:26] Running Ternary CPU simulation...
[2025-08-14 10:39:26] Ternary CPU completed: 10000 cycles in 0.015804s
[2025-08-14 10:39:26] Phase 2: Generating comparison plots
[2025-08-14 10:39:27] Saved comparison plot -> results/comprehensive_comparison.png
[2025-08-14 10:39:29] Phase 3: Creating markdown report
[2025-08-14 10:39:29] Wrote report -> results/comparison.md
[2025-08-14 10:39:29] Phase 4: Displaying results
[2025-08-14 10:39:29] Master run completed successfully.
[2025-08-14 10:39:29] Graphical windows may remain open - close them to complete.
[2025-08-14 10:44:28] Starting TrinCore master run
[2025-08-14 10:44:28] Phase 1: Running CPU simulations
[2025-08-14 10:44:28] Running Binary CPU simulation...
[2025-08-14 10:44:28] Binary CPU completed: 36 cycles in 0.000022s
[2025-08-14 10:44:28] Running Ternary CPU simulation...
[2025-08-14 10:44:28] Ternary CPU completed: 10000 cycles in 0.015896s
[2025-08-14 10:44:28] Phase 2: Generating comparison plots
[2025-08-14 10:44:30] Saved comparison plot -> results/comprehensive_comparison.png
[2025-08-14 10:44:31] Phase 3: Creating markdown report
[2025-08-14 10:44:31] Wrote report -> results/comparison.md
[2025-08-14 10:44:31] Phase 4: Displaying results
[2025-08-14 10:44:31] Master run completed successfully.
[2025-08-14 10:44:31] Graphical windows may remain open - close them to complete.
[2025-08-14 11:16:55] Starting TrinCore master run
[2025-08-14 11:16:55] Phase 1: Running CPU simulations
[2025-08-14 11:16:55] Running Binary CPU simulation...
[2025-08-14 11:16:55] Binary CPU completed: 36 cycles in 0.000023s
[2025-08-14 11:16:55] Running Ternary CPU simulation...
[2025-08-14 11:16:55] Ternary CPU completed: 27 cycles in 0.000586s
[2025-08-14 11:16:55] Phase 2: Generating comparison plots
[2025-08-14 11:16:57] Saved comparison plot -> results/comprehensive_comparison.png
[2025-08-14 11:16:58] Phase 3: Creating markdown report
[2025-08-14 11:16:58] Wrote report -> results/comparison.md
[2025-08-14 11:16:58] Phase 4: Displaying results
[2025-08-14 11:16:58] Master run completed successfully.
[2025-08-14 11:16:58] Graphical windows may remain open - close them to complete.
[2025-08-14 11:27:59] Starting TrinCore master run
[2025-08-14 11:27:59] Phase 1: Running CPU simulations
[2025-08-14 11:27:59] Running Binary CPU simulation...
[2025-08-14 11:27:59] Binary CPU completed: 36 cycles in 0.000021s
[2025-08-14 11:27:59] Running Ternary CPU simulation...
[2025-08-14 11:27:59] Ternary CPU completed: 27 cycles in 0.000549s
[2025-08-14 11:27:59] Phase 2: Generating comparison plots
[2025-08-14 11:28:01] Saved comparison plot -> results/comprehensive_comparison.png
[2025-08-14 11:28:02] Phase 3: Creating markdown report
[2025-08-14 11:28:02] Wrote report -> results/comparison.md
[2025-08-14 11:28:02] Phase 4: Displaying results
[2025-08-14 11:28:02] Master run completed successfully.
[2025-08-14 11:28:02] Graphical windows may remain open - close them to complete.
[2025-08-14 11:28:17] Starting TrinCore master run
[2025-08-14 11:28:17] Phase 1: Running CPU simulations
[2025-08-14 11:28:17] Running Binary CPU simulation...
[2025-08-14 11:28:17] Binary CPU completed: 36 cycles in 0.000023s
[2025-08-14 11:28:17] Running Ternary CPU simulation...
[2025-08-14 11:28:17] Ternary CPU completed: 27 cycles in 0.000510s
[2025-08-14 11:28:17] Phase 2: Generating comparison plots
[2025-08-14 11:28:19] Saved comparison plot -> results/comprehensive_comparison.png
[2025-08-14 11:28:20] Phase 3: Creating markdown report
[2025-08-14 11:28:20] Wrote report -> results/comparison.md
[2025-08-14 11:28:20] Phase 4: Displaying results
[2025-08-14 11:28:20] Master run completed successfully.
[2025-08-14 11:28:20] Graphical windows may remain open - close them to complete.
[2025-08-14 11:30:29] Starting TrinCore master run
[2025-08-14 11:30:29] Phase 1: Running CPU simulations
[2025-08-14 11:30:29] Running Binary CPU simulation...
[2025-08-14 11:30:29] Binary CPU completed: 36 cycles in 0.000054s
[2025-08-14 11:30:29] Running Ternary CPU simulation...
[2025-08-14 11:30:29] [ERROR] Ternary CPU simulation failed: list index out of range
[2025-08-14 11:30:29] Phase 2: Generating comparison plots
[2025-08-14 11:30:33] Saved comparison plot -> results/comprehensive_comparison.png
[2025-08-14 11:30:34] Phase 3: Creating markdown report
[2025-08-14 11:30:34] Wrote report -> results/comparison.md
[2025-08-14 11:30:34] Phase 4: Displaying results
[2025-08-14 11:30:34] Master run completed successfully.
[2025-08-14 11:30:34] Graphical windows may remain open - close them to complete.
[2025-08-14 11:30:49] Starting TrinCore master run
[2025-08-14 11:30:49] Phase 1: Running CPU simulations
[2025-08-14 11:30:49] Running Binary CPU simulation...
[2025-08-14 11:30:49] Binary CPU completed: 36 cycles in 0.000023s
[2025-08-14 11:30:49] Running Ternary CPU simulation...
[2025-08-14 11:30:49] [ERROR] Ternary CPU simulation failed: list index out of range
[2025-08-14 11:30:49] Phase 2: Generating comparison plots
[2025-08-14 11:30:51] Saved comparison plot -> results/comprehensive_comparison.png
[2025-08-14 11:30:52] Phase 3: Creating markdown report
[2025-08-14 11:30:52] Wrote report -> results/comparison.md
[2025-08-14 11:30:52] Phase 4: Displaying results
[2025-08-14 11:30:52] Master run completed successfully.
[2025-08-14 11:30:52] Graphical windows may remain open - close them to complete.
[2025-08-14 11:46:09] Starting TrinCore CPU comparison
[2025-08-14 11:46:10] Phase 1: Running CPU simulations
[2025-08-14 11:46:10] Running Binary CPU simulation...
[2025-08-14 11:46:10] Binary CPU: 24 cycles in 0.000031s
[2025-08-14 11:46:10] Running Ternary CPU simulation...
[2025-08-14 11:46:10] Ternary CPU: 9 cycles in 0.000065s
[2025-08-14 11:46:10] Phase 2: Generating comparison plots
[2025-08-14 11:46:13] Saved comparison plot -> results/comprehensive_comparison.png
[2025-08-14 11:46:14] Phase 3: Creating markdown report
[2025-08-14 11:46:14] Wrote report -> results/comparison.md
[2025-08-14 11:46:14] Phase 4: Displaying results
[2025-08-14 11:46:14] Comparison completed successfully.
